{"C:\\Users\\camin\\Documents\\PD\\UnitTest_Challenge\\getReplicationResult.js": {"path":"C:\\Users\\camin\\Documents\\PD\\UnitTest_Challenge\\getReplicationResult.js","statementMap":{"0":{"start":{"line":1,"column":29},"end":{"line":5,"column":1}},"1":{"start":{"line":7,"column":38},"end":{"line":7,"column":39}},"2":{"start":{"line":19,"column":4},"end":{"line":21,"column":5}},"3":{"start":{"line":20,"column":6},"end":{"line":20,"column":72}},"4":{"start":{"line":22,"column":30},"end":{"line":24,"column":5}},"5":{"start":{"line":25,"column":18},"end":{"line":25,"column":19}},"6":{"start":{"line":26,"column":4},"end":{"line":48,"column":6}},"7":{"start":{"line":27,"column":6},"end":{"line":27,"column":16}},"8":{"start":{"line":28,"column":6},"end":{"line":28,"column":48}},"9":{"start":{"line":29,"column":6},"end":{"line":44,"column":7}},"10":{"start":{"line":36,"column":8},"end":{"line":36,"column":60}},"11":{"start":{"line":37,"column":8},"end":{"line":39,"column":10}},"12":{"start":{"line":41,"column":8},"end":{"line":43,"column":9}},"13":{"start":{"line":42,"column":10},"end":{"line":42,"column":18}},"14":{"start":{"line":49,"column":4},"end":{"line":53,"column":5}},"15":{"start":{"line":50,"column":6},"end":{"line":52,"column":8}},"16":{"start":{"line":54,"column":4},"end":{"line":54,"column":36}},"17":{"start":{"line":58,"column":4},"end":{"line":58,"column":58}},"18":{"start":{"line":58,"column":29},"end":{"line":58,"column":56}},"19":{"start":{"line":62,"column":0},"end":{"line":66,"column":2}}},"fnMap":{"0":{"name":"(anonymous_0)","decl":{"start":{"line":18,"column":2},"end":{"line":18,"column":3}},"loc":{"start":{"line":18,"column":73},"end":{"line":55,"column":3}},"line":18},"1":{"name":"(anonymous_1)","decl":{"start":{"line":57,"column":2},"end":{"line":57,"column":3}},"loc":{"start":{"line":57,"column":43},"end":{"line":59,"column":3}},"line":57},"2":{"name":"(anonymous_2)","decl":{"start":{"line":58,"column":22},"end":{"line":58,"column":23}},"loc":{"start":{"line":58,"column":29},"end":{"line":58,"column":56}},"line":58}},"branchMap":{"0":{"loc":{"start":{"line":19,"column":4},"end":{"line":21,"column":5}},"type":"if","locations":[{"start":{"line":19,"column":4},"end":{"line":21,"column":5}},{"start":{"line":19,"column":4},"end":{"line":21,"column":5}}],"line":19},"1":{"loc":{"start":{"line":41,"column":8},"end":{"line":43,"column":9}},"type":"if","locations":[{"start":{"line":41,"column":8},"end":{"line":43,"column":9}},{"start":{"line":41,"column":8},"end":{"line":43,"column":9}}],"line":41},"2":{"loc":{"start":{"line":49,"column":4},"end":{"line":53,"column":5}},"type":"if","locations":[{"start":{"line":49,"column":4},"end":{"line":53,"column":5}},{"start":{"line":49,"column":4},"end":{"line":53,"column":5}}],"line":49}},"s":{"0":1,"1":1,"2":4,"3":1,"4":3,"5":3,"6":3,"7":7,"8":7,"9":7,"10":7,"11":2,"12":7,"13":1,"14":2,"15":1,"16":1,"17":7,"18":7,"19":1},"f":{"0":4,"1":7,"2":7},"b":{"0":[1,3],"1":[1,6],"2":[1,1]},"_coverageSchema":"1a1c01bbd47fc00a2c39e90264f33305004495a9","hash":"8aa249d0849f1f996fec1317fe7d8d9a9fb9e4f7"}
}
